0001_0086_0136_0070_0070.jpg 1 86 136 70 70
0002_0146_0086_0051_0051.jpg 1 146 86 51 51
0003_0036_0018_0157_0157.jpg 1 36 18 157 157
0004_0094_0085_0099_0099.jpg 1 94 85 99 99
0005_0087_0128_0104_0104.jpg 1 87 128 104 104
0006_0089_0043_0089_0089.jpg 1 89 43 89 89
0007_0124_0138_0085_0085.jpg 1 124 138 85 85
0008_0037_0069_0115_0115.jpg 1 37 69 115 115
0009_0156_0053_0066_0066.jpg 1 156 53 66 66
0010_0021_0016_0141_0141.jpg 1 21 16 141 141
0011_0034_0078_0075_0075.jpg 1 34 78 75 75
0012_0020_0064_0150_0150.jpg 1 20 64 150 150
0013_0042_0160_0052_0052.jpg 1 42 160 52 52
0014_0062_0105_0119_0119.jpg 1 62 105 119 119
0015_0092_0105_0048_0048.jpg 1 92 105 48 48
0016_0023_0114_0028_0028.jpg 1 23 114 28 28
0017_0126_0091_0052_0052.jpg 1 126 91 52 52
0018_0057_0052_0045_0045.jpg 1 57 52 45 45
0019_0060_0101_0047_0047.jpg 1 60 101 47 47
0020_0092_0060_0141_0141.jpg 1 92 60 141 141
0021_0062_0022_0172_0172.jpg 1 62 22 172 172
0022_0069_0077_0163_0163.jpg 1 69 77 163 163
0023_0015_0116_0111_0111.jpg 1 15 116 111 111
0024_0018_0107_0130_0130.jpg 1 18 107 130 130
0025_0107_0047_0084_0084.jpg 1 107 47 84 84
0026_0038_0009_0166_0166.jpg 1 38 9 166 166
0027_0072_0065_0043_0043.jpg 1 72 65 43 43
0028_0031_0183_0024_0024.jpg 1 31 183 24 24
0029_0028_0105_0083_0083.jpg 1 28 105 83 83
0030_0054_0141_0056_0056.jpg 1 54 141 56 56
0031_0136_0089_0025_0025.jpg 1 136 89 25 25
0032_0015_0031_0120_0120.jpg 1 15 31 120 120
0033_0184_0098_0033_0033.jpg 1 184 98 33 33
0034_0097_0085_0132_0132.jpg 1 97 85 132 132
0035_0042_0132_0069_0069.jpg 1 42 132 69 69
0036_0108_0149_0069_0069.jpg 1 108 149 69 69
0037_0075_0143_0090_0090.jpg 1 75 143 90 90
0038_0140_0075_0050_0050.jpg 1 140 75 50 50
0039_0026_0040_0171_0171.jpg 1 26 40 171 171
0040_0103_0075_0122_0122.jpg 1 103 75 122 122
0041_0030_0151_0077_0077.jpg 1 30 151 77 77
0042_0090_0044_0057_0057.jpg 1 90 44 57 57
0043_0061_0054_0170_0170.jpg 1 61 54 170 170
0044_0119_0095_0093_0093.jpg 1 119 95 93 93
0045_0026_0080_0119_0119.jpg 1 26 80 119 119
0046_0011_0037_0135_0135.jpg 1 11 37 135 135
0047_0082_0051_0029_0029.jpg 1 82 51 29 29
0048_0013_0008_0166_0166.jpg 1 13 8 166 166
0049_0036_0082_0113_0113.jpg 1 36 82 113 113
0050_0083_0064_0143_0143.jpg 1 83 64 143 143
0051_0009_0010_0171_0171.jpg 1 9 10 171 171
0052_0024_0111_0125_0125.jpg 1 24 111 125 125
0053_0109_0094_0104_0104.jpg 1 109 94 104 104
0054_0080_0074_0081_0081.jpg 1 80 74 81 81
0055_0197_0119_0028_0028.jpg 1 197 119 28 28
0056_0070_0106_0127_0127.jpg 1 70 106 127 127
0057_0045_0084_0085_0085.jpg 1 45 84 85 85
0058_0163_0080_0063_0063.jpg 1 163 80 63 63
0059_0083_0020_0155_0155.jpg 1 83 20 155 155
0060_0070_0032_0161_0161.jpg 1 70 32 161 161
0061_0062_0015_0152_0152.jpg 1 62 15 152 152
0062_0060_0018_0168_0168.jpg 1 60 18 168 168
0063_0073_0044_0159_0159.jpg 1 73 44 159 159
0064_0111_0038_0095_0095.jpg 1 111 38 95 95
0065_0110_0051_0119_0119.jpg 1 110 51 119 119
0066_0099_0108_0126_0126.jpg 1 99 108 126 126
0067_0029_0012_0155_0155.jpg 1 29 12 155 155
0068_0025_0033_0170_0170.jpg 1 25 33 170 170
0069_0136_0146_0051_0051.jpg 1 136 146 51 51
0070_0135_0127_0078_0078.jpg 1 135 127 78 78
0071_0090_0085_0135_0135.jpg 1 90 85 135 135
0072_0081_0096_0107_0107.jpg 1 81 96 107 107
0073_0162_0102_0065_0065.jpg 1 162 102 65 65
0074_0148_0079_0036_0036.jpg 1 148 79 36 36
0075_0057_0090_0082_0082.jpg 1 57 90 82 82
0076_0112_0051_0108_0108.jpg 1 112 51 108 108
0077_0081_0026_0119_0119.jpg 1 81 26 119 119
0078_0061_0108_0114_0114.jpg 1 61 108 114 114
0079_0126_0094_0069_0069.jpg 1 126 94 69 69
0080_0024_0085_0131_0131.jpg 1 24 85 131 131
0081_0051_0011_0143_0143.jpg 1 51 11 143 143
0082_0171_0034_0044_0044.jpg 1 171 34 44 44
0083_0014_0037_0112_0112.jpg 1 14 37 112 112
0084_0098_0126_0047_0047.jpg 1 98 126 47 47
0085_0075_0015_0158_0158.jpg 1 75 15 158 158
0086_0035_0041_0131_0131.jpg 1 35 41 131 131
0087_0102_0073_0131_0131.jpg 1 102 73 131 131
0088_0032_0109_0093_0093.jpg 1 32 109 93 93
0089_0013_0017_0141_0141.jpg 1 13 17 141 141
0090_0008_0040_0162_0162.jpg 1 8 40 162 162
0091_0038_0060_0132_0132.jpg 1 38 60 132 132
0092_0021_0070_0166_0166.jpg 1 21 70 166 166
0093_0182_0101_0043_0043.jpg 1 182 101 43 43
0094_0118_0148_0074_0074.jpg 1 118 148 74 74
0095_0092_0012_0145_0145.jpg 1 92 12 145 145
0096_0030_0060_0051_0051.jpg 1 30 60 51 51
0097_0074_0046_0166_0166.jpg 1 74 46 166 166
0098_0051_0165_0058_0058.jpg 1 51 165 58 58
0099_0015_0028_0123_0123.jpg 1 15 28 123 123
0100_0084_0124_0044_0044.jpg 1 84 124 44 44
0101_0109_0065_0104_0104.jpg 1 109 65 104 104
0102_0022_0075_0047_0047.jpg 1 22 75 47 47
0103_0108_0101_0037_0037.jpg 1 108 101 37 37
0104_0067_0050_0169_0169.jpg 1 67 50 169 169
0105_0095_0061_0120_0120.jpg 1 95 61 120 120
0106_0032_0014_0163_0163.jpg 1 32 14 163 163
0107_0042_0161_0056_0056.jpg 1 42 161 56 56
0108_0033_0064_0169_0169.jpg 1 33 64 169 169
0109_0053_0024_0118_0118.jpg 1 53 24 118 118
0110_0055_0071_0165_0165.jpg 1 55 71 165 165
0111_0035_0030_0162_0162.jpg 1 35 30 162 162
0112_0169_0143_0049_0049.jpg 1 169 143 49 49
0113_0042_0013_0156_0156.jpg 1 42 13 156 156
0114_0028_0063_0149_0149.jpg 1 28 63 149 149
0115_0091_0162_0053_0053.jpg 1 91 162 53 53
0116_0128_0052_0055_0055.jpg 1 128 52 55 55
0117_0038_0035_0104_0104.jpg 1 38 35 104 104
0118_0110_0076_0025_0025.jpg 1 110 76 25 25
0119_0046_0065_0160_0160.jpg 1 46 65 160 160
0120_0145_0181_0036_0036.jpg 1 145 181 36 36
0121_0047_0055_0043_0043.jpg 1 47 55 43 43
0122_0134_0038_0091_0091.jpg 1 134 38 91 91
0123_0097_0083_0101_0101.jpg 1 97 83 101 101
0124_0019_0055_0142_0142.jpg 1 19 55 142 142
0125_0071_0051_0152_0152.jpg 1 71 51 152 152
0126_0107_0028_0085_0085.jpg 1 107 28 85 85
0127_0012_0082_0136_0136.jpg 1 12 82 136 136
0128_0058_0073_0098_0098.jpg 1 58 73 98 98
0129_0075_0070_0056_0056.jpg 1 75 70 56 56
0130_0051_0017_0104_0104.jpg 1 51 17 104 104
0131_0093_0020_0114_0114.jpg 1 93 20 114 114
0132_0102_0113_0112_0112.jpg 1 102 113 112 112
0133_0018_0087_0083_0083.jpg 1 18 87 83 83
0134_0108_0025_0113_0113.jpg 1 108 25 113 113
0135_0071_0076_0139_0139.jpg 1 71 76 139 139
0136_0132_0038_0092_0092.jpg 1 132 38 92 92
0137_0058_0033_0130_0130.jpg 1 58 33 130 130
0138_0023_0097_0030_0030.jpg 1 23 97 30 30
0139_0043_0116_0041_0041.jpg 1 43 116 41 41
0140_0042_0050_0153_0153.jpg 1 42 50 153 153
0141_0085_0102_0135_0135.jpg 1 85 102 135 135
0142_0081_0052_0139_0139.jpg 1 81 52 139 139
0143_0053_0011_0170_0170.jpg 1 53 11 170 170
0144_0048_0099_0139_0139.jpg 1 48 99 139 139
0145_0017_0044_0097_0097.jpg 1 17 44 97 97
0146_0080_0055_0113_0113.jpg 1 80 55 113 113
0147_0066_0062_0127_0127.jpg 1 66 62 127 127
0148_0051_0060_0114_0114.jpg 1 51 60 114 114
0149_0129_0076_0027_0027.jpg 1 129 76 27 27
0150_0110_0093_0039_0039.jpg 1 110 93 39 39
0151_0053_0055_0132_0132.jpg 1 53 55 132 132
0152_0101_0036_0116_0116.jpg 1 101 36 116 116
0153_0028_0092_0059_0059.jpg 1 28 92 59 59
0154_0070_0045_0153_0153.jpg 1 70 45 153 153
0155_0014_0054_0173_0173.jpg 1 14 54 173 173
0156_0042_0098_0055_0055.jpg 1 42 98 55 55
0157_0085_0141_0059_0059.jpg 1 85 141 59 59
0158_0031_0043_0108_0108.jpg 1 31 43 108 108
0159_0067_0070_0134_0134.jpg 1 67 70 134 134
0160_0014_0092_0138_0138.jpg 1 14 92 138 138
0161_0141_0178_0032_0032.jpg 1 141 178 32 32
0162_0107_0133_0079_0079.jpg 1 107 133 79 79
0163_0058_0113_0122_0122.jpg 1 58 113 122 122
0164_0079_0059_0102_0102.jpg 1 79 59 102 102
0165_0165_0076_0062_0062.jpg 1 165 76 62 62
0166_0064_0021_0136_0136.jpg 1 64 21 136 136
0167_0046_0131_0051_0051.jpg 1 46 131 51 51
0168_0080_0080_0158_0158.jpg 1 80 80 158 158
0169_0074_0020_0131_0131.jpg 1 74 20 131 131
0170_0066_0016_0172_0172.jpg 1 66 16 172 172
0171_0134_0129_0066_0066.jpg 1 134 129 66 66
0172_0140_0029_0089_0089.jpg 1 140 29 89 89
0173_0044_0118_0047_0047.jpg 1 44 118 47 47
0174_0019_0050_0134_0134.jpg 1 19 50 134 134
0175_0086_0042_0062_0062.jpg 1 86 42 62 62
0176_0030_0032_0137_0137.jpg 1 30 32 137 137
0177_0040_0093_0110_0110.jpg 1 40 93 110 110
0178_0059_0102_0119_0119.jpg 1 59 102 119 119
0179_0114_0049_0089_0089.jpg 1 114 49 89 89
0180_0071_0070_0160_0160.jpg 1 71 70 160 160
0181_0057_0027_0090_0090.jpg 1 57 27 90 90
0182_0114_0144_0061_0061.jpg 1 114 144 61 61
0183_0086_0096_0106_0106.jpg 1 86 96 106 106
0184_0141_0062_0063_0063.jpg 1 141 62 63 63
0185_0097_0022_0101_0101.jpg 1 97 22 101 101
0186_0051_0068_0119_0119.jpg 1 51 68 119 119
0187_0037_0029_0145_0145.jpg 1 37 29 145 145
0188_0020_0041_0061_0061.jpg 1 20 41 61 61
0189_0079_0071_0133_0133.jpg 1 79 71 133 133
0190_0021_0059_0135_0135.jpg 1 21 59 135 135
0191_0107_0098_0128_0128.jpg 1 107 98 128 128
0192_0068_0092_0101_0101.jpg 1 68 92 101 101
0193_0117_0097_0115_0115.jpg 1 117 97 115 115
0194_0144_0183_0041_0041.jpg 1 144 183 41 41
0195_0078_0081_0073_0073.jpg 1 78 81 73 73
0196_0037_0074_0160_0160.jpg 1 37 74 160 160
0197_0121_0160_0068_0068.jpg 1 121 160 68 68
0198_0096_0037_0096_0096.jpg 1 96 37 96 96
0199_0053_0056_0170_0170.jpg 1 53 56 170 170
0200_0055_0085_0077_0077.jpg 1 55 85 77 77
0201_0048_0050_0140_0140.jpg 1 48 50 140 140
0202_0082_0088_0145_0145.jpg 1 82 88 145 145
0203_0108_0132_0032_0032.jpg 1 108 132 32 32
0204_0020_0118_0098_0098.jpg 1 20 118 98 98
0205_0070_0061_0095_0095.jpg 1 70 61 95 95
0206_0048_0058_0155_0155.jpg 1 48 58 155 155
0207_0063_0173_0052_0052.jpg 1 63 173 52 52
0208_0129_0025_0089_0089.jpg 1 129 25 89 89
0209_0073_0147_0048_0048.jpg 1 73 147 48 48
0210_0023_0091_0127_0127.jpg 1 23 91 127 127
0211_0085_0060_0099_0099.jpg 1 85 60 99 99
0212_0076_0105_0133_0133.jpg 1 76 105 133 133
0213_0043_0115_0117_0117.jpg 1 43 115 117 117
0214_0052_0032_0174_0174.jpg 1 52 32 174 174
0215_0042_0054_0109_0109.jpg 1 42 54 109 109
0216_0030_0022_0168_0168.jpg 1 30 22 168 168
0217_0057_0101_0127_0127.jpg 1 57 101 127 127
0218_0075_0048_0063_0063.jpg 1 75 48 63 63
0219_0121_0126_0040_0040.jpg 1 121 126 40 40
0220_0089_0105_0111_0111.jpg 1 89 105 111 111
0221_0020_0042_0144_0144.jpg 1 20 42 144 144
0222_0074_0012_0145_0145.jpg 1 74 12 145 145
0223_0035_0024_0089_0089.jpg 1 35 24 89 89
0224_0118_0078_0087_0087.jpg 1 118 78 87 87
0225_0048_0095_0054_0054.jpg 1 48 95 54 54
0226_0093_0093_0106_0106.jpg 1 93 93 106 106
0227_0071_0136_0063_0063.jpg 1 71 136 63 63
0228_0076_0043_0035_0035.jpg 1 76 43 35 35
0229_0024_0078_0152_0152.jpg 1 24 78 152 152
0230_0035_0080_0037_0037.jpg 1 35 80 37 37
0231_0011_0068_0173_0173.jpg 1 11 68 173 173
0232_0043_0020_0106_0106.jpg 1 43 20 106 106
0233_0075_0097_0117_0117.jpg 1 75 97 117 117
0234_0085_0140_0075_0075.jpg 1 85 140 75 75
0235_0114_0068_0087_0087.jpg 1 114 68 87 87
0236_0060_0161_0042_0042.jpg 1 60 161 42 42
0237_0024_0067_0065_0065.jpg 1 24 67 65 65
0238_0054_0099_0132_0132.jpg 1 54 99 132 132
0239_0015_0067_0116_0116.jpg 1 15 67 116 116
0240_0052_0107_0099_0099.jpg 1 52 107 99 99
0241_0073_0041_0141_0141.jpg 1 73 41 141 141
0242_0034_0045_0170_0170.jpg 1 34 45 170 170
0243_0091_0079_0104_0104.jpg 1 91 79 104 104
0244_0091_0056_0121_0121.jpg 1 91 56 121 121
0245_0055_0095_0094_0094.jpg 1 55 95 94 94
0246_0063_0120_0103_0103.jpg 1 63 120 103 103
0247_0099_0080_0070_0070.jpg 1 99 80 70 70
0248_0124_0084_0047_0047.jpg 1 124 84 47 47
0249_0045_0054_0131_0131.jpg 1 45 54 131 131
0250_0078_0051_0154_0154.jpg 1 78 51 154 154
0251_0086_0025_0121_0121.jpg 1 86 25 121 121
0252_0181_0037_0033_0033.jpg 1 181 37 33 33
0253_0052_0055_0103_0103.jpg 1 52 55 103 103
0254_0097_0079_0051_0051.jpg 1 97 79 51 51
0255_0091_0035_0035_0035.jpg 1 91 35 35 35
0256_0052_0029_0163_0163.jpg 1 52 29 163 163
0257_0077_0011_0137_0137.jpg 1 77 11 137 137
0258_0027_0083_0059_0059.jpg 1 27 83 59 59
0259_0160_0076_0058_0058.jpg 1 160 76 58 58
0260_0073_0147_0046_0046.jpg 1 73 147 46 46
0261_0076_0163_0031_0031.jpg 1 76 163 31 31
0262_0063_0064_0091_0091.jpg 1 63 64 91 91
0263_0147_0070_0054_0054.jpg 1 147 70 54 54
0264_0122_0065_0075_0075.jpg 1 122 65 75 75
0265_0097_0133_0085_0085.jpg 1 97 133 85 85
0266_0059_0074_0125_0125.jpg 1 59 74 125 125
0267_0142_0144_0085_0085.jpg 1 142 144 85 85
0268_0049_0188_0035_0035.jpg 1 49 188 35 35
0269_0093_0013_0113_0113.jpg 1 93 13 113 113
0270_0058_0076_0107_0107.jpg 1 58 76 107 107
0271_0028_0025_0141_0141.jpg 1 28 25 141 141
0272_0107_0093_0040_0040.jpg 1 107 93 40 40
0273_0067_0147_0072_0072.jpg 1 67 147 72 72
0274_0092_0041_0132_0132.jpg 1 92 41 132 132
0275_0179_0140_0025_0025.jpg 1 179 140 25 25
0276_0072_0032_0159_0159.jpg 1 72 32 159 159
0277_0047_0043_0168_0168.jpg 1 47 43 168 168
0278_0098_0036_0092_0092.jpg 1 98 36 92 92
0279_0024_0065_0134_0134.jpg 1 24 65 134 134
0280_0161_0124_0050_0050.jpg 1 161 124 50 50
0281_0058_0070_0134_0134.jpg 1 58 70 134 134
0282_0068_0053_0115_0115.jpg 1 68 53 115 115
0283_0045_0014_0123_0123.jpg 1 45 14 123 123
0284_0028_0067_0073_0073.jpg 1 28 67 73 73
0285_0139_0106_0065_0065.jpg 1 139 106 65 65
0286_0148_0065_0079_0079.jpg 1 148 65 79 79
0287_0022_0027_0115_0115.jpg 1 22 27 115 115
0288_0077_0099_0100_0100.jpg 1 77 99 100 100
0289_0101_0126_0047_0047.jpg 1 101 126 47 47
0290_0026_0009_0160_0160.jpg 1 26 9 160 160
0291_0035_0047_0091_0091.jpg 1 35 47 91 91
0292_0155_0168_0048_0048.jpg 1 155 168 48 48
0293_0190_0024_0031_0031.jpg 1 190 24 31 31
0294_0019_0072_0116_0116.jpg 1 19 72 116 116
0295_0150_0049_0062_0062.jpg 1 150 49 62 62
0296_0070_0067_0116_0116.jpg 1 70 67 116 116
0297_0073_0133_0098_0098.jpg 1 73 133 98 98
0298_0129_0106_0104_0104.jpg 1 129 106 104 104
0299_0132_0021_0046_0046.jpg 1 132 21 46 46
0300_0067_0055_0155_0155.jpg 1 67 55 155 155
0301_0053_0136_0036_0036.jpg 1 53 136 36 36
0302_0137_0101_0097_0097.jpg 1 137 101 97 97
0303_0041_0041_0159_0159.jpg 1 41 41 159 159
0304_0071_0026_0155_0155.jpg 1 71 26 155 155
0305_0077_0033_0159_0159.jpg 1 77 33 159 159
0306_0025_0074_0138_0138.jpg 1 25 74 138 138
0307_0145_0024_0079_0079.jpg 1 145 24 79 79
0308_0110_0023_0119_0119.jpg 1 110 23 119 119
0309_0047_0038_0171_0171.jpg 1 47 38 171 171
0310_0031_0013_0131_0131.jpg 1 31 13 131 131
0311_0096_0100_0131_0131.jpg 1 96 100 131 131
0312_0095_0095_0058_0058.jpg 1 95 95 58 58
0313_0071_0026_0102_0102.jpg 1 71 26 102 102
0314_0100_0068_0076_0076.jpg 1 100 68 76 76
0315_0075_0026_0035_0035.jpg 1 75 26 35 35
0316_0096_0087_0130_0130.jpg 1 96 87 130 130
0317_0179_0050_0032_0032.jpg 1 179 50 32 32
0318_0075_0032_0036_0036.jpg 1 75 32 36 36
0319_0023_0171_0039_0039.jpg 1 23 171 39 39
0320_0019_0081_0153_0153.jpg 1 19 81 153 153
0321_0081_0021_0111_0111.jpg 1 81 21 111 111
0322_0137_0105_0069_0069.jpg 1 137 105 69 69
0323_0033_0055_0166_0166.jpg 1 33 55 166 166
0324_0069_0043_0170_0170.jpg 1 69 43 170 170
0325_0060_0043_0136_0136.jpg 1 60 43 136 136
0326_0039_0047_0083_0083.jpg 1 39 47 83 83
0327_0133_0033_0095_0095.jpg 1 133 33 95 95
0328_0037_0062_0168_0168.jpg 1 37 62 168 168
0329_0030_0031_0086_0086.jpg 1 30 31 86 86
0330_0096_0082_0131_0131.jpg 1 96 82 131 131
0331_0035_0096_0047_0047.jpg 1 35 96 47 47
0332_0121_0052_0107_0107.jpg 1 121 52 107 107
0333_0099_0041_0035_0035.jpg 1 99 41 35 35
0334_0051_0050_0104_0104.jpg 1 51 50 104 104
0335_0032_0081_0129_0129.jpg 1 32 81 129 129
0336_0064_0051_0026_0026.jpg 1 64 51 26 26
0337_0052_0039_0163_0163.jpg 1 52 39 163 163
0338_0032_0022_0144_0144.jpg 1 32 22 144 144
0339_0038_0075_0158_0158.jpg 1 38 75 158 158
0340_0117_0068_0101_0101.jpg 1 117 68 101 101
0341_0054_0080_0037_0037.jpg 1 54 80 37 37
0342_0130_0082_0086_0086.jpg 1 130 82 86 86
0343_0080_0127_0099_0099.jpg 1 80 127 99 99
0344_0128_0079_0059_0059.jpg 1 128 79 59 59
0345_0095_0148_0080_0080.jpg 1 95 148 80 80
0346_0091_0086_0058_0058.jpg 1 91 86 58 58
0347_0091_0031_0130_0130.jpg 1 91 31 130 130
0348_0097_0167_0045_0045.jpg 1 97 167 45 45
0349_0014_0066_0165_0165.jpg 1 14 66 165 165
0350_0080_0097_0121_0121.jpg 1 80 97 121 121
0351_0089_0066_0103_0103.jpg 1 89 66 103 103
0352_0150_0021_0048_0048.jpg 1 150 21 48 48
0353_0078_0038_0132_0132.jpg 1 78 38 132 132
0354_0117_0122_0056_0056.jpg 1 117 122 56 56
0355_0050_0106_0064_0064.jpg 1 50 106 64 64
0356_0161_0046_0039_0039.jpg 1 161 46 39 39
0357_0076_0048_0141_0141.jpg 1 76 48 141 141
0358_0038_0164_0054_0054.jpg 1 38 164 54 54
0359_0058_0056_0097_0097.jpg 1 58 56 97 97
0360_0028_0088_0135_0135.jpg 1 28 88 135 135
0361_0072_0068_0165_0165.jpg 1 72 68 165 165
0362_0113_0083_0119_0119.jpg 1 113 83 119 119
0363_0066_0055_0141_0141.jpg 1 66 55 141 141
0364_0119_0090_0060_0060.jpg 1 119 90 60 60
0365_0023_0062_0168_0168.jpg 1 23 62 168 168
0366_0022_0051_0123_0123.jpg 1 22 51 123 123
0367_0075_0151_0031_0031.jpg 1 75 151 31 31
0368_0089_0021_0074_0074.jpg 1 89 21 74 74
0369_0046_0070_0158_0158.jpg 1 46 70 158 158
0370_0098_0058_0131_0131.jpg 1 98 58 131 131
0371_0092_0084_0028_0028.jpg 1 92 84 28 28
0372_0058_0043_0156_0156.jpg 1 58 43 156 156
0373_0028_0031_0169_0169.jpg 1 28 31 169 169
0374_0119_0105_0025_0025.jpg 1 119 105 25 25
0375_0030_0045_0050_0050.jpg 1 30 45 50 50
0376_0059_0113_0088_0088.jpg 1 59 113 88 88
0377_0090_0086_0072_0072.jpg 1 90 86 72 72
0378_0024_0042_0121_0121.jpg 1 24 42 121 121
0379_0089_0053_0060_0060.jpg 1 89 53 60 60
0380_0053_0014_0120_0120.jpg 1 53 14 120 120
0381_0076_0068_0155_0155.jpg 1 76 68 155 155
0382_0033_0046_0165_0165.jpg 1 33 46 165 165
0383_0027_0044_0138_0138.jpg 1 27 44 138 138
0384_0062_0073_0160_0160.jpg 1 62 73 160 160
0385_0084_0026_0142_0142.jpg 1 84 26 142 142
0386_0155_0053_0036_0036.jpg 1 155 53 36 36
0387_0067_0028_0125_0125.jpg 1 67 28 125 125
0388_0166_0036_0064_0064.jpg 1 166 36 64 64
0389_0116_0047_0101_0101.jpg 1 116 47 101 101
0390_0101_0119_0113_0113.jpg 1 101 119 113 113
0391_0072_0045_0153_0153.jpg 1 72 45 153 153
0392_0037_0018_0137_0137.jpg 1 37 18 137 137
0393_0064_0090_0060_0060.jpg 1 64 90 60 60
0394_0081_0057_0152_0152.jpg 1 81 57 152 152
0395_0094_0107_0115_0115.jpg 1 94 107 115 115
0396_0066_0114_0044_0044.jpg 1 66 114 44 44
0397_0109_0096_0115_0115.jpg 1 109 96 115 115
0398_0077_0081_0155_0155.jpg 1 77 81 155 155
0399_0055_0078_0123_0123.jpg 1 55 78 123 123
0400_0090_0028_0122_0122.jpg 1 90 28 122 122
0401_0098_0052_0060_0060.jpg 1 98 52 60 60
0402_0149_0027_0049_0049.jpg 1 149 27 49 49
0403_0054_0113_0112_0112.jpg 1 54 113 112 112
0404_0121_0136_0029_0029.jpg 1 121 136 29 29
0405_0097_0064_0105_0105.jpg 1 97 64 105 105
0406_0113_0123_0104_0104.jpg 1 113 123 104 104
0407_0054_0130_0080_0080.jpg 1 54 130 80 80
0408_0107_0066_0086_0086.jpg 1 107 66 86 86
0409_0078_0104_0091_0091.jpg 1 78 104 91 91
0410_0093_0071_0055_0055.jpg 1 93 71 55 55
0411_0025_0039_0173_0173.jpg 1 25 39 173 173
0412_0113_0116_0096_0096.jpg 1 113 116 96 96
0413_0109_0016_0128_0128.jpg 1 109 16 128 128
0414_0076_0101_0104_0104.jpg 1 76 101 104 104
0415_0130_0091_0031_0031.jpg 1 130 91 31 31
0416_0023_0120_0115_0115.jpg 1 23 120 115 115
0417_0030_0089_0112_0112.jpg 1 30 89 112 112
0418_0052_0157_0059_0059.jpg 1 52 157 59 59
0419_0048_0089_0072_0072.jpg 1 48 89 72 72
0420_0023_0108_0103_0103.jpg 1 23 108 103 103
0421_0071_0149_0046_0046.jpg 1 71 149 46 46
0422_0113_0101_0083_0083.jpg 1 113 101 83 83
0423_0133_0054_0081_0081.jpg 1 133 54 81 81
0424_0082_0055_0108_0108.jpg 1 82 55 108 108
0425_0177_0034_0043_0043.jpg 1 177 34 43 43
0426_0168_0086_0055_0055.jpg 1 168 86 55 55
0427_0155_0084_0070_0070.jpg 1 155 84 70 70
0428_0051_0043_0102_0102.jpg 1 51 43 102 102
0429_0023_0151_0057_0057.jpg 1 23 151 57 57
0430_0033_0044_0063_0063.jpg 1 33 44 63 63
0431_0075_0021_0098_0098.jpg 1 75 21 98 98
0432_0038_0139_0092_0092.jpg 1 38 139 92 92
0433_0108_0091_0065_0065.jpg 1 108 91 65 65
0434_0071_0046_0164_0164.jpg 1 71 46 164 164
0435_0114_0128_0083_0083.jpg 1 114 128 83 83
0436_0100_0191_0025_0025.jpg 1 100 191 25 25
0437_0011_0064_0148_0148.jpg 1 11 64 148 148
0438_0118_0107_0089_0089.jpg 1 118 107 89 89
0439_0044_0019_0113_0113.jpg 1 44 19 113 113
0440_0100_0039_0115_0115.jpg 1 100 39 115 115
0441_0058_0114_0111_0111.jpg 1 58 114 111 111
0442_0014_0062_0174_0174.jpg 1 14 62 174 174
0443_0175_0038_0050_0050.jpg 1 175 38 50 50
0444_0082_0089_0137_0137.jpg 1 82 89 137 137
0445_0048_0062_0073_0073.jpg 1 48 62 73 73
0446_0045_0106_0040_0040.jpg 1 45 106 40 40
0447_0050_0072_0086_0086.jpg 1 50 72 86 86
0448_0031_0046_0126_0126.jpg 1 31 46 126 126
0449_0057_0020_0140_0140.jpg 1 57 20 140 140
0450_0032_0081_0146_0146.jpg 1 32 81 146 146
0451_0087_0021_0143_0143.jpg 1 87 21 143 143
0452_0035_0144_0088_0088.jpg 1 35 144 88 88
0453_0085_0154_0031_0031.jpg 1 85 154 31 31
0454_0040_0063_0156_0156.jpg 1 40 63 156 156
0455_0026_0017_0162_0162.jpg 1 26 17 162 162
0456_0025_0046_0174_0174.jpg 1 25 46 174 174
0457_0088_0084_0069_0069.jpg 1 88 84 69 69
0458_0072_0054_0140_0140.jpg 1 72 54 140 140
0459_0052_0052_0141_0141.jpg 1 52 52 141 141
0460_0043_0055_0110_0110.jpg 1 43 55 110 110
0461_0053_0078_0153_0153.jpg 1 53 78 153 153
0462_0022_0086_0042_0042.jpg 1 22 86 42 42
0463_0036_0028_0133_0133.jpg 1 36 28 133 133
0464_0066_0014_0162_0162.jpg 1 66 14 162 162
0465_0044_0066_0057_0057.jpg 1 44 66 57 57
0466_0127_0107_0024_0024.jpg 1 127 107 24 24
0467_0084_0068_0124_0124.jpg 1 84 68 124 124
0468_0070_0042_0055_0055.jpg 1 70 42 55 55
0469_0029_0112_0080_0080.jpg 1 29 112 80 80
0470_0053_0037_0172_0172.jpg 1 53 37 172 172
0471_0177_0160_0041_0041.jpg 1 177 160 41 41
0472_0015_0027_0153_0153.jpg 1 15 27 153 153
0473_0080_0052_0157_0157.jpg 1 80 52 157 157
0474_0077_0127_0102_0102.jpg 1 77 127 102 102
0475_0045_0109_0037_0037.jpg 1 45 109 37 37
0476_0019_0069_0121_0121.jpg 1 19 69 121 121
0477_0049_0091_0087_0087.jpg 1 49 91 87 87
0478_0034_0060_0061_0061.jpg 1 34 60 61 61
0479_0094_0105_0088_0088.jpg 1 94 105 88 88
0480_0173_0141_0055_0055.jpg 1 173 141 55 55
0481_0019_0073_0158_0158.jpg 1 19 73 158 158
0482_0026_0035_0140_0140.jpg 1 26 35 140 140
0483_0019_0046_0163_0163.jpg 1 19 46 163 163
0484_0089_0025_0093_0093.jpg 1 89 25 93 93
0485_0068_0090_0032_0032.jpg 1 68 90 32 32
0486_0087_0067_0144_0144.jpg 1 87 67 144 144
0487_0048_0084_0143_0143.jpg 1 48 84 143 143
0488_0050_0045_0165_0165.jpg 1 50 45 165 165
0489_0078_0018_0147_0147.jpg 1 78 18 147 147
0490_0043_0009_0173_0173.jpg 1 43 9 173 173
0491_0014_0032_0171_0171.jpg 1 14 32 171 171
0492_0031_0038_0142_0142.jpg 1 31 38 142 142
0493_0037_0077_0110_0110.jpg 1 37 77 110 110
0494_0136_0131_0049_0049.jpg 1 136 131 49 49
0495_0067_0072_0096_0096.jpg 1 67 72 96 96
0496_0085_0016_0154_0154.jpg 1 85 16 154 154
0497_0153_0129_0042_0042.jpg 1 153 129 42 42
0498_0010_0078_0154_0154.jpg 1 10 78 154 154
0499_0034_0014_0151_0151.jpg 1 34 14 151 151
0500_0040_0074_0153_0153.jpg 1 40 74 153 153
0501_0064_0013_0167_0167.jpg 1 64 13 167 167
0502_0036_0082_0072_0072.jpg 1 36 82 72 72
0503_0057_0036_0139_0139.jpg 1 57 36 139 139
0504_0034_0041_0132_0132.jpg 1 34 41 132 132
0505_0054_0021_0080_0080.jpg 1 54 21 80 80
0506_0098_0072_0029_0029.jpg 1 98 72 29 29
0507_0035_0043_0171_0171.jpg 1 35 43 171 171
0508_0059_0087_0030_0030.jpg 1 59 87 30 30
0509_0087_0152_0051_0051.jpg 1 87 152 51 51
0510_0069_0077_0063_0063.jpg 1 69 77 63 63
0511_0038_0024_0118_0118.jpg 1 38 24 118 118
0512_0040_0111_0073_0073.jpg 1 40 111 73 73
0513_0052_0089_0149_0149.jpg 1 52 89 149 149
0514_0124_0181_0034_0034.jpg 1 124 181 34 34
0515_0033_0034_0062_0062.jpg 1 33 34 62 62
0516_0080_0132_0086_0086.jpg 1 80 132 86 86
0517_0084_0016_0097_0097.jpg 1 84 16 97 97
0518_0014_0013_0173_0173.jpg 1 14 13 173 173
0519_0039_0019_0100_0100.jpg 1 39 19 100 100
0520_0073_0059_0077_0077.jpg 1 73 59 77 77
0521_0149_0110_0047_0047.jpg 1 149 110 47 47
0522_0046_0062_0085_0085.jpg 1 46 62 85 85
0523_0059_0075_0140_0140.jpg 1 59 75 140 140
0524_0140_0036_0045_0045.jpg 1 140 36 45 45
0525_0023_0138_0042_0042.jpg 1 23 138 42 42
0526_0090_0050_0137_0137.jpg 1 90 50 137 137
0527_0033_0025_0070_0070.jpg 1 33 25 70 70
0528_0065_0185_0043_0043.jpg 1 65 185 43 43
0529_0070_0035_0116_0116.jpg 1 70 35 116 116
0530_0014_0020_0108_0108.jpg 1 14 20 108 108
0531_0019_0055_0169_0169.jpg 1 19 55 169 169
0532_0107_0093_0083_0083.jpg 1 107 93 83 83
0533_0176_0098_0039_0039.jpg 1 176 98 39 39
0534_0027_0093_0129_0129.jpg 1 27 93 129 129
0535_0078_0033_0106_0106.jpg 1 78 33 106 106
0536_0011_0031_0166_0166.jpg 1 11 31 166 166
0537_0076_0056_0070_0070.jpg 1 76 56 70 70
0538_0042_0147_0053_0053.jpg 1 42 147 53 53
0539_0011_0011_0168_0168.jpg 1 11 11 168 168
0540_0041_0034_0050_0050.jpg 1 41 34 50 50
0541_0055_0116_0052_0052.jpg 1 55 116 52 52
0542_0060_0082_0120_0120.jpg 1 60 82 120 120
0543_0086_0027_0152_0152.jpg 1 86 27 152 152
0544_0069_0060_0094_0094.jpg 1 69 60 94 94
0545_0040_0015_0149_0149.jpg 1 40 15 149 149
0546_0032_0036_0117_0117.jpg 1 32 36 117 117
0547_0040_0045_0166_0166.jpg 1 40 45 166 166
0548_0074_0082_0128_0128.jpg 1 74 82 128 128
0549_0138_0064_0039_0039.jpg 1 138 64 39 39
0550_0094_0023_0145_0145.jpg 1 94 23 145 145
0551_0020_0036_0145_0145.jpg 1 20 36 145 145
0552_0076_0069_0147_0147.jpg 1 76 69 147 147
0553_0069_0046_0165_0165.jpg 1 69 46 165 165
0554_0034_0097_0096_0096.jpg 1 34 97 96 96
0555_0098_0119_0082_0082.jpg 1 98 119 82 82
0556_0056_0173_0028_0028.jpg 1 56 173 28 28
0557_0070_0101_0041_0041.jpg 1 70 101 41 41
0558_0068_0123_0061_0061.jpg 1 68 123 61 61
0559_0045_0063_0152_0152.jpg 1 45 63 152 152
0560_0053_0049_0171_0171.jpg 1 53 49 171 171
0561_0027_0192_0035_0035.jpg 1 27 192 35 35
0562_0114_0039_0070_0070.jpg 1 114 39 70 70
0563_0093_0103_0129_0129.jpg 1 93 103 129 129
0564_0072_0030_0158_0158.jpg 1 72 30 158 158
0565_0093_0081_0145_0145.jpg 1 93 81 145 145
0566_0095_0046_0118_0118.jpg 1 95 46 118 118
0567_0145_0025_0053_0053.jpg 1 145 25 53 53
0568_0047_0114_0115_0115.jpg 1 47 114 115 115
0569_0026_0049_0095_0095.jpg 1 26 49 95 95
0570_0017_0063_0119_0119.jpg 1 17 63 119 119
0571_0041_0076_0126_0126.jpg 1 41 76 126 126
0572_0022_0093_0101_0101.jpg 1 22 93 101 101
0573_0071_0148_0056_0056.jpg 1 71 148 56 56
0574_0026_0064_0154_0154.jpg 1 26 64 154 154
0575_0091_0026_0133_0133.jpg 1 91 26 133 133
0576_0024_0048_0144_0144.jpg 1 24 48 144 144
0577_0102_0054_0126_0126.jpg 1 102 54 126 126
0578_0102_0068_0059_0059.jpg 1 102 68 59 59
0579_0082_0049_0149_0149.jpg 1 82 49 149 149
0580_0148_0046_0083_0083.jpg 1 148 46 83 83
0581_0154_0067_0045_0045.jpg 1 154 67 45 45
0582_0056_0069_0140_0140.jpg 1 56 69 140 140
0583_0042_0032_0097_0097.jpg 1 42 32 97 97
0584_0066_0079_0155_0155.jpg 1 66 79 155 155
0585_0144_0051_0073_0073.jpg 1 144 51 73 73
0586_0188_0121_0037_0037.jpg 1 188 121 37 37
0587_0074_0050_0095_0095.jpg 1 74 50 95 95
0588_0047_0116_0078_0078.jpg 1 47 116 78 78
0589_0060_0029_0113_0113.jpg 1 60 29 113 113
0590_0087_0087_0119_0119.jpg 1 87 87 119 119
0591_0105_0122_0073_0073.jpg 1 105 122 73 73
0592_0037_0101_0123_0123.jpg 1 37 101 123 123
0593_0010_0073_0160_0160.jpg 1 10 73 160 160
0594_0109_0095_0112_0112.jpg 1 109 95 112 112
0595_0079_0185_0041_0041.jpg 1 79 185 41 41
0596_0033_0157_0043_0043.jpg 1 33 157 43 43
0597_0038_0025_0119_0119.jpg 1 38 25 119 119
0598_0087_0116_0102_0102.jpg 1 87 116 102 102
0599_0047_0010_0170_0170.jpg 1 47 10 170 170
0600_0035_0085_0141_0141.jpg 1 35 85 141 141
0601_0039_0086_0089_0089.jpg 1 39 86 89 89
0602_0024_0021_0147_0147.jpg 1 24 21 147 147
0603_0078_0067_0025_0025.jpg 1 78 67 25 25
0604_0048_0177_0037_0037.jpg 1 48 177 37 37
0605_0171_0172_0031_0031.jpg 1 171 172 31 31
0606_0117_0095_0103_0103.jpg 1 117 95 103 103
0607_0139_0130_0055_0055.jpg 1 139 130 55 55
0608_0066_0129_0084_0084.jpg 1 66 129 84 84
0609_0112_0170_0045_0045.jpg 1 112 170 45 45
0610_0047_0073_0049_0049.jpg 1 47 73 49 49
0611_0061_0011_0163_0163.jpg 1 61 11 163 163
0612_0032_0077_0138_0138.jpg 1 32 77 138 138
0613_0057_0060_0087_0087.jpg 1 57 60 87 87
0614_0038_0167_0059_0059.jpg 1 38 167 59 59
0615_0112_0069_0087_0087.jpg 1 112 69 87 87
0616_0086_0021_0045_0045.jpg 1 86 21 45 45
0617_0046_0048_0101_0101.jpg 1 46 48 101 101
0618_0046_0074_0156_0156.jpg 1 46 74 156 156
0619_0140_0127_0078_0078.jpg 1 140 127 78 78
0620_0033_0060_0098_0098.jpg 1 33 60 98 98
0621_0068_0115_0113_0113.jpg 1 68 115 113 113
0622_0065_0035_0114_0114.jpg 1 65 35 114 114
0623_0050_0177_0044_0044.jpg 1 50 177 44 44
0624_0106_0112_0086_0086.jpg 1 106 112 86 86
0625_0064_0062_0110_0110.jpg 1 64 62 110 110
0626_0034_0111_0123_0123.jpg 1 34 111 123 123
0627_0074_0029_0155_0155.jpg 1 74 29 155 155
0628_0042_0063_0142_0142.jpg 1 42 63 142 142
0629_0098_0116_0059_0059.jpg 1 98 116 59 59
0630_0131_0086_0080_0080.jpg 1 131 86 80 80
0631_0058_0041_0081_0081.jpg 1 58 41 81 81
0632_0124_0056_0080_0080.jpg 1 124 56 80 80
0633_0041_0094_0074_0074.jpg 1 41 94 74 74
0634_0038_0098_0128_0128.jpg 1 38 98 128 128
0635_0068_0010_0162_0162.jpg 1 68 10 162 162
0636_0112_0035_0081_0081.jpg 1 112 35 81 81
0637_0017_0086_0103_0103.jpg 1 17 86 103 103
0638_0052_0086_0148_0148.jpg 1 52 86 148 148
0639_0022_0060_0075_0075.jpg 1 22 60 75 75
0640_0133_0107_0070_0070.jpg 1 133 107 70 70
0641_0103_0017_0135_0135.jpg 1 103 17 135 135
0642_0024_0062_0138_0138.jpg 1 24 62 138 138
0643_0047_0014_0163_0163.jpg 1 47 14 163 163
0644_0054_0044_0098_0098.jpg 1 54 44 98 98
0645_0128_0053_0051_0051.jpg 1 128 53 51 51
0646_0051_0091_0114_0114.jpg 1 51 91 114 114
0647_0105_0054_0042_0042.jpg 1 105 54 42 42
0648_0123_0038_0091_0091.jpg 1 123 38 91 91
0649_0083_0052_0156_0156.jpg 1 83 52 156 156
0650_0096_0093_0084_0084.jpg 1 96 93 84 84
0651_0099_0139_0040_0040.jpg 1 99 139 40 40
0652_0066_0051_0159_0159.jpg 1 66 51 159 159
0653_0067_0124_0108_0108.jpg 1 67 124 108 108
0654_0023_0039_0038_0038.jpg 1 23 39 38 38
0655_0055_0037_0170_0170.jpg 1 55 37 170 170
0656_0042_0069_0129_0129.jpg 1 42 69 129 129
0657_0141_0098_0075_0075.jpg 1 141 98 75 75
0658_0051_0062_0167_0167.jpg 1 51 62 167 167
0659_0071_0051_0164_0164.jpg 1 71 51 164 164
0660_0030_0110_0064_0064.jpg 1 30 110 64 64
0661_0022_0039_0043_0043.jpg 1 22 39 43 43
0662_0068_0014_0147_0147.jpg 1 68 14 147 147
0663_0080_0094_0085_0085.jpg 1 80 94 85 85
0664_0050_0083_0030_0030.jpg 1 50 83 30 30
0665_0068_0100_0040_0040.jpg 1 68 100 40 40
0666_0126_0073_0072_0072.jpg 1 126 73 72 72
0667_0033_0038_0030_0030.jpg 1 33 38 30 30
0668_0053_0126_0045_0045.jpg 1 53 126 45 45
0669_0144_0121_0032_0032.jpg 1 144 121 32 32
0670_0038_0027_0172_0172.jpg 1 38 27 172 172
0671_0046_0037_0156_0156.jpg 1 46 37 156 156
0672_0032_0076_0091_0091.jpg 1 32 76 91 91
0673_0077_0048_0145_0145.jpg 1 77 48 145 145
0674_0126_0077_0058_0058.jpg 1 126 77 58 58
0675_0077_0040_0147_0147.jpg 1 77 40 147 147
0676_0153_0051_0031_0031.jpg 1 153 51 31 31
0677_0083_0024_0074_0074.jpg 1 83 24 74 74
0678_0026_0059_0122_0122.jpg 1 26 59 122 122
0679_0103_0141_0047_0047.jpg 1 103 141 47 47
0680_0044_0125_0061_0061.jpg 1 44 125 61 61
0681_0090_0142_0081_0081.jpg 1 90 142 81 81
0682_0080_0084_0136_0136.jpg 1 80 84 136 136
0683_0054_0063_0104_0104.jpg 1 54 63 104 104
0684_0030_0054_0167_0167.jpg 1 30 54 167 167
0685_0134_0036_0058_0058.jpg 1 134 36 58 58
0686_0136_0133_0067_0067.jpg 1 136 133 67 67
0687_0035_0071_0097_0097.jpg 1 35 71 97 97
0688_0104_0039_0053_0053.jpg 1 104 39 53 53
0689_0064_0083_0077_0077.jpg 1 64 83 77 77
0690_0054_0173_0051_0051.jpg 1 54 173 51 51
0691_0091_0100_0110_0110.jpg 1 91 100 110 110
0692_0049_0061_0110_0110.jpg 1 49 61 110 110
0693_0097_0081_0041_0041.jpg 1 97 81 41 41
0694_0089_0119_0044_0044.jpg 1 89 119 44 44
0695_0100_0055_0042_0042.jpg 1 100 55 42 42
0696_0018_0111_0082_0082.jpg 1 18 111 82 82
0697_0101_0084_0034_0034.jpg 1 101 84 34 34
0698_0118_0105_0040_0040.jpg 1 118 105 40 40
0699_0041_0122_0097_0097.jpg 1 41 122 97 97
0700_0162_0092_0033_0033.jpg 1 162 92 33 33
0701_0114_0068_0079_0079.jpg 1 114 68 79 79
0702_0127_0071_0033_0033.jpg 1 127 71 33 33
0703_0037_0025_0134_0134.jpg 1 37 25 134 134
0704_0131_0137_0096_0096.jpg 1 131 137 96 96
0705_0073_0046_0090_0090.jpg 1 73 46 90 90
0706_0107_0142_0041_0041.jpg 1 107 142 41 41
0707_0068_0161_0045_0045.jpg 1 68 161 45 45
0708_0112_0027_0064_0064.jpg 1 112 27 64 64
0709_0048_0093_0098_0098.jpg 1 48 93 98 98
0710_0137_0158_0067_0067.jpg 1 137 158 67 67
0711_0112_0039_0045_0045.jpg 1 112 39 45 45
0712_0147_0140_0081_0081.jpg 1 147 140 81 81
0713_0020_0056_0121_0121.jpg 1 20 56 121 121
0714_0116_0044_0112_0112.jpg 1 116 44 112 112
0715_0072_0022_0137_0137.jpg 1 72 22 137 137
0716_0167_0101_0046_0046.jpg 1 167 101 46 46
0717_0088_0125_0086_0086.jpg 1 88 125 86 86
0718_0020_0081_0055_0055.jpg 1 20 81 55 55
0719_0166_0099_0042_0042.jpg 1 166 99 42 42
0720_0103_0112_0106_0106.jpg 1 103 112 106 106
0721_0106_0057_0063_0063.jpg 1 106 57 63 63
0722_0039_0053_0157_0157.jpg 1 39 53 157 157
0723_0169_0150_0052_0052.jpg 1 169 150 52 52
0724_0093_0065_0094_0094.jpg 1 93 65 94 94
0725_0142_0150_0031_0031.jpg 1 142 150 31 31
0726_0033_0090_0126_0126.jpg 1 33 90 126 126
0727_0053_0032_0077_0077.jpg 1 53 32 77 77
0728_0085_0076_0124_0124.jpg 1 85 76 124 124
0729_0021_0087_0056_0056.jpg 1 21 87 56 56
0730_0141_0080_0088_0088.jpg 1 141 80 88 88
0731_0111_0043_0118_0118.jpg 1 111 43 118 118
0732_0072_0030_0122_0122.jpg 1 72 30 122 122
0733_0059_0061_0152_0152.jpg 1 59 61 152 152
0734_0012_0030_0129_0129.jpg 1 12 30 129 129
0735_0071_0046_0163_0163.jpg 1 71 46 163 163
0736_0117_0021_0113_0113.jpg 1 117 21 113 113
0737_0019_0072_0162_0162.jpg 1 19 72 162 162
0738_0040_0017_0112_0112.jpg 1 40 17 112 112
0739_0061_0148_0065_0065.jpg 1 61 148 65 65
0740_0071_0101_0121_0121.jpg 1 71 101 121 121
0741_0085_0038_0032_0032.jpg 1 85 38 32 32
0742_0143_0159_0055_0055.jpg 1 143 159 55 55
0743_0073_0116_0089_0089.jpg 1 73 116 89 89
0744_0089_0015_0146_0146.jpg 1 89 15 146 146
0745_0063_0040_0133_0133.jpg 1 63 40 133 133
0746_0112_0017_0094_0094.jpg 1 112 17 94 94
0747_0074_0024_0149_0149.jpg 1 74 24 149 149
0748_0074_0060_0099_0099.jpg 1 74 60 99 99
0749_0142_0046_0047_0047.jpg 1 142 46 47 47
0750_0049_0035_0099_0099.jpg 1 49 35 99 99
0751_0109_0027_0104_0104.jpg 1 109 27 104 104
0752_0101_0095_0085_0085.jpg 1 101 95 85 85
0753_0078_0037_0054_0054.jpg 1 78 37 54 54
0754_0066_0034_0067_0067.jpg 1 66 34 67 67
0755_0138_0184_0036_0036.jpg 1 138 184 36 36
0756_0109_0081_0060_0060.jpg 1 109 81 60 60
0757_0025_0023_0085_0085.jpg 1 25 23 85 85
0758_0079_0123_0056_0056.jpg 1 79 123 56 56
0759_0148_0075_0066_0066.jpg 1 148 75 66 66
0760_0039_0076_0145_0145.jpg 1 39 76 145 145
0761_0031_0100_0070_0070.jpg 1 31 100 70 70
0762_0050_0058_0162_0162.jpg 1 50 58 162 162
0763_0066_0063_0168_0168.jpg 1 66 63 168 168
0764_0035_0011_0154_0154.jpg 1 35 11 154 154
0765_0098_0072_0135_0135.jpg 1 98 72 135 135
0766_0161_0025_0070_0070.jpg 1 161 25 70 70
0767_0022_0019_0092_0092.jpg 1 22 19 92 92
0768_0151_0037_0060_0060.jpg 1 151 37 60 60
0769_0009_0063_0173_0173.jpg 1 9 63 173 173
0770_0042_0120_0094_0094.jpg 1 42 120 94 94
0771_0041_0066_0130_0130.jpg 1 41 66 130 130
0772_0178_0082_0024_0024.jpg 1 178 82 24 24
0773_0072_0133_0098_0098.jpg 1 72 133 98 98
0774_0070_0148_0042_0042.jpg 1 70 148 42 42
0775_0046_0075_0166_0166.jpg 1 46 75 166 166
0776_0011_0015_0160_0160.jpg 1 11 15 160 160
0777_0143_0160_0039_0039.jpg 1 143 160 39 39
0778_0068_0038_0167_0167.jpg 1 68 38 167 167
0779_0064_0069_0168_0168.jpg 1 64 69 168 168
0780_0070_0066_0153_0153.jpg 1 70 66 153 153
0781_0034_0038_0146_0146.jpg 1 34 38 146 146
0782_0043_0052_0121_0121.jpg 1 43 52 121 121
0783_0067_0042_0090_0090.jpg 1 67 42 90 90
0784_0024_0064_0155_0155.jpg 1 24 64 155 155
0785_0021_0046_0098_0098.jpg 1 21 46 98 98
0786_0044_0045_0168_0168.jpg 1 44 45 168 168
0787_0086_0033_0123_0123.jpg 1 86 33 123 123
0788_0065_0076_0101_0101.jpg 1 65 76 101 101
0789_0055_0082_0104_0104.jpg 1 55 82 104 104
0790_0038_0065_0103_0103.jpg 1 38 65 103 103
0791_0140_0183_0032_0032.jpg 1 140 183 32 32
0792_0139_0051_0044_0044.jpg 1 139 51 44 44
0793_0029_0091_0095_0095.jpg 1 29 91 95 95
0794_0090_0066_0124_0124.jpg 1 90 66 124 124
0795_0097_0114_0059_0059.jpg 1 97 114 59 59
0796_0069_0101_0127_0127.jpg 1 69 101 127 127
0797_0021_0026_0157_0157.jpg 1 21 26 157 157
0798_0084_0059_0043_0043.jpg 1 84 59 43 43
0799_0081_0059_0078_0078.jpg 1 81 59 78 78
0800_0083_0166_0031_0031.jpg 1 83 166 31 31
0801_0065_0065_0131_0131.jpg 1 65 65 131 131
0802_0034_0121_0074_0074.jpg 1 34 121 74 74
0803_0100_0020_0094_0094.jpg 1 100 20 94 94
0804_0034_0035_0111_0111.jpg 1 34 35 111 111
0805_0025_0115_0105_0105.jpg 1 25 115 105 105
0806_0027_0065_0147_0147.jpg 1 27 65 147 147
0807_0070_0024_0135_0135.jpg 1 70 24 135 135
0808_0053_0043_0142_0142.jpg 1 53 43 142 142
0809_0103_0066_0025_0025.jpg 1 103 66 25 25
0810_0020_0022_0087_0087.jpg 1 20 22 87 87
0811_0033_0069_0159_0159.jpg 1 33 69 159 159
0812_0038_0064_0147_0147.jpg 1 38 64 147 147
0813_0102_0065_0133_0133.jpg 1 102 65 133 133
0814_0096_0069_0119_0119.jpg 1 96 69 119 119
0815_0077_0040_0157_0157.jpg 1 77 40 157 157
0816_0026_0056_0052_0052.jpg 1 26 56 52 52
0817_0053_0132_0032_0032.jpg 1 53 132 32 32
0818_0084_0020_0141_0141.jpg 1 84 20 141 141
0819_0020_0010_0165_0165.jpg 1 20 10 165 165
0820_0079_0068_0153_0153.jpg 1 79 68 153 153
0821_0108_0063_0104_0104.jpg 1 108 63 104 104
0822_0019_0066_0144_0144.jpg 1 19 66 144 144
0823_0077_0035_0027_0027.jpg 1 77 35 27 27
0824_0029_0029_0161_0161.jpg 1 29 29 161 161
0825_0058_0059_0134_0134.jpg 1 58 59 134 134
0826_0145_0064_0037_0037.jpg 1 145 64 37 37
0827_0036_0054_0156_0156.jpg 1 36 54 156 156
0828_0036_0106_0106_0106.jpg 1 36 106 106 106
0829_0016_0056_0173_0173.jpg 1 16 56 173 173
0830_0089_0109_0128_0128.jpg 1 89 109 128 128
0831_0048_0105_0103_0103.jpg 1 48 105 103 103
0832_0051_0139_0036_0036.jpg 1 51 139 36 36
0833_0033_0040_0150_0150.jpg 1 33 40 150 150
0834_0039_0045_0167_0167.jpg 1 39 45 167 167
0835_0043_0067_0158_0158.jpg 1 43 67 158 158
0836_0062_0102_0076_0076.jpg 1 62 102 76 76
0837_0074_0008_0164_0164.jpg 1 74 8 164 164
0838_0058_0035_0063_0063.jpg 1 58 35 63 63
0839_0129_0022_0084_0084.jpg 1 129 22 84 84
0840_0056_0060_0167_0167.jpg 1 56 60 167 167
0841_0071_0128_0073_0073.jpg 1 71 128 73 73
0842_0160_0094_0058_0058.jpg 1 160 94 58 58
0843_0045_0044_0049_0049.jpg 1 45 44 49 49
0844_0035_0090_0138_0138.jpg 1 35 90 138 138
0845_0020_0053_0123_0123.jpg 1 20 53 123 123
0846_0085_0093_0063_0063.jpg 1 85 93 63 63
0847_0079_0116_0074_0074.jpg 1 79 116 74 74
0848_0030_0075_0160_0160.jpg 1 30 75 160 160
0849_0178_0124_0047_0047.jpg 1 178 124 47 47
0850_0154_0183_0030_0030.jpg 1 154 183 30 30
0851_0070_0155_0047_0047.jpg 1 70 155 47 47
0852_0132_0070_0066_0066.jpg 1 132 70 66 66
0853_0074_0140_0080_0080.jpg 1 74 140 80 80
0854_0070_0010_0150_0150.jpg 1 70 10 150 150
0855_0076_0054_0079_0079.jpg 1 76 54 79 79
0856_0056_0046_0147_0147.jpg 1 56 46 147 147
0857_0162_0105_0030_0030.jpg 1 162 105 30 30
0858_0020_0119_0087_0087.jpg 1 20 119 87 87
0859_0077_0031_0143_0143.jpg 1 77 31 143 143
0860_0067_0038_0127_0127.jpg 1 67 38 127 127
0861_0085_0048_0137_0137.jpg 1 85 48 137 137
0862_0066_0058_0143_0143.jpg 1 66 58 143 143
0863_0103_0143_0029_0029.jpg 1 103 143 29 29
0864_0051_0026_0153_0153.jpg 1 51 26 153 153
0865_0092_0037_0083_0083.jpg 1 92 37 83 83
0866_0148_0108_0077_0077.jpg 1 148 108 77 77
0867_0174_0079_0038_0038.jpg 1 174 79 38 38
0868_0093_0028_0026_0026.jpg 1 93 28 26 26
0869_0106_0085_0129_0129.jpg 1 106 85 129 129
0870_0105_0105_0035_0035.jpg 1 105 105 35 35
0871_0021_0058_0139_0139.jpg 1 21 58 139 139
0872_0064_0090_0108_0108.jpg 1 64 90 108 108
0873_0055_0103_0053_0053.jpg 1 55 103 53 53
0874_0044_0031_0089_0089.jpg 1 44 31 89 89
0875_0079_0077_0046_0046.jpg 1 79 77 46 46
0876_0061_0023_0112_0112.jpg 1 61 23 112 112
0877_0062_0078_0142_0142.jpg 1 62 78 142 142
0878_0013_0086_0150_0150.jpg 1 13 86 150 150
0879_0114_0056_0079_0079.jpg 1 114 56 79 79
0880_0093_0029_0029_0029.jpg 1 93 29 29 29
0881_0105_0055_0115_0115.jpg 1 105 55 115 115
0882_0126_0021_0087_0087.jpg 1 126 21 87 87
0883_0108_0030_0078_0078.jpg 1 108 30 78 78
0884_0025_0122_0081_0081.jpg 1 25 122 81 81
0885_0084_0058_0118_0118.jpg 1 84 58 118 118
0886_0071_0128_0101_0101.jpg 1 71 128 101 101
0887_0083_0079_0039_0039.jpg 1 83 79 39 39
0888_0151_0054_0052_0052.jpg 1 151 54 52 52
0889_0061_0091_0142_0142.jpg 1 61 91 142 142
0890_0078_0025_0139_0139.jpg 1 78 25 139 139
0891_0151_0070_0074_0074.jpg 1 151 70 74 74
0892_0115_0155_0028_0028.jpg 1 115 155 28 28
0893_0068_0095_0129_0129.jpg 1 68 95 129 129
0894_0173_0074_0036_0036.jpg 1 173 74 36 36
0895_0024_0017_0092_0092.jpg 1 24 17 92 92
0896_0015_0026_0158_0158.jpg 1 15 26 158 158
0897_0032_0089_0075_0075.jpg 1 32 89 75 75
0898_0077_0094_0066_0066.jpg 1 77 94 66 66
0899_0036_0067_0156_0156.jpg 1 36 67 156 156
0900_0124_0074_0060_0060.jpg 1 124 74 60 60
0901_0105_0155_0030_0030.jpg 1 105 155 30 30
0902_0154_0103_0055_0055.jpg 1 154 103 55 55
0903_0068_0042_0145_0145.jpg 1 68 42 145 145
0904_0069_0097_0140_0140.jpg 1 69 97 140 140
0905_0062_0125_0035_0035.jpg 1 62 125 35 35
0906_0038_0053_0136_0136.jpg 1 38 53 136 136
0907_0015_0068_0135_0135.jpg 1 15 68 135 135
0908_0106_0123_0108_0108.jpg 1 106 123 108 108
0909_0048_0092_0105_0105.jpg 1 48 92 105 105
0910_0024_0026_0088_0088.jpg 1 24 26 88 88
0911_0036_0112_0080_0080.jpg 1 36 112 80 80
0912_0037_0052_0117_0117.jpg 1 37 52 117 117
0913_0022_0017_0139_0139.jpg 1 22 17 139 139
0914_0123_0120_0091_0091.jpg 1 123 120 91 91
0915_0052_0031_0124_0124.jpg 1 52 31 124 124
0916_0024_0080_0056_0056.jpg 1 24 80 56 56
0917_0025_0013_0157_0157.jpg 1 25 13 157 157
0918_0112_0036_0115_0115.jpg 1 112 36 115 115
0919_0073_0095_0107_0107.jpg 1 73 95 107 107
0920_0081_0054_0149_0149.jpg 1 81 54 149 149
0921_0025_0049_0065_0065.jpg 1 25 49 65 65
0922_0107_0122_0043_0043.jpg 1 107 122 43 43
0923_0069_0057_0151_0151.jpg 1 69 57 151 151
0924_0134_0082_0032_0032.jpg 1 134 82 32 32
0925_0083_0046_0126_0126.jpg 1 83 46 126 126
0926_0040_0096_0030_0030.jpg 1 40 96 30 30
0927_0069_0051_0161_0161.jpg 1 69 51 161 161
0928_0118_0131_0086_0086.jpg 1 118 131 86 86
0929_0114_0132_0056_0056.jpg 1 114 132 56 56
0930_0038_0025_0087_0087.jpg 1 38 25 87 87
0931_0161_0089_0054_0054.jpg 1 161 89 54 54
0932_0054_0048_0025_0025.jpg 1 54 48 25 25
0933_0090_0059_0049_0049.jpg 1 90 59 49 49
0934_0106_0082_0121_0121.jpg 1 106 82 121 121
0935_0023_0142_0089_0089.jpg 1 23 142 89 89
0936_0039_0163_0063_0063.jpg 1 39 163 63 63
0937_0134_0116_0098_0098.jpg 1 134 116 98 98
0938_0025_0096_0094_0094.jpg 1 25 96 94 94
0939_0122_0096_0070_0070.jpg 1 122 96 70 70
0940_0132_0094_0057_0057.jpg 1 132 94 57 57
0941_0096_0029_0118_0118.jpg 1 96 29 118 118
0942_0085_0167_0034_0034.jpg 1 85 167 34 34
0943_0029_0092_0078_0078.jpg 1 29 92 78 78
0944_0068_0035_0087_0087.jpg 1 68 35 87 87
0945_0104_0067_0046_0046.jpg 1 104 67 46 46
0946_0012_0056_0144_0144.jpg 1 12 56 144 144
0947_0024_0088_0096_0096.jpg 1 24 88 96 96
0948_0068_0141_0080_0080.jpg 1 68 141 80 80
0949_0038_0029_0061_0061.jpg 1 38 29 61 61
0950_0103_0055_0080_0080.jpg 1 103 55 80 80
0951_0156_0149_0056_0056.jpg 1 156 149 56 56
0952_0126_0141_0039_0039.jpg 1 126 141 39 39
0953_0168_0160_0057_0057.jpg 1 168 160 57 57
0954_0096_0133_0076_0076.jpg 1 96 133 76 76
0955_0050_0064_0118_0118.jpg 1 50 64 118 118
0956_0076_0025_0099_0099.jpg 1 76 25 99 99
0957_0069_0045_0168_0168.jpg 1 69 45 168 168
0958_0027_0019_0169_0169.jpg 1 27 19 169 169
0959_0096_0040_0137_0137.jpg 1 96 40 137 137
0960_0019_0034_0170_0170.jpg 1 19 34 170 170
0961_0016_0105_0097_0097.jpg 1 16 105 97 97
0962_0110_0070_0087_0087.jpg 1 110 70 87 87
0963_0103_0115_0100_0100.jpg 1 103 115 100 100
0964_0161_0157_0027_0027.jpg 1 161 157 27 27
0965_0057_0131_0036_0036.jpg 1 57 131 36 36
0966_0145_0042_0070_0070.jpg 1 145 42 70 70
0967_0101_0069_0098_0098.jpg 1 101 69 98 98
0968_0096_0107_0111_0111.jpg 1 96 107 111 111
0969_0172_0158_0025_0025.jpg 1 172 158 25 25
0970_0063_0060_0079_0079.jpg 1 63 60 79 79
0971_0143_0151_0054_0054.jpg 1 143 151 54 54
0972_0023_0047_0117_0117.jpg 1 23 47 117 117
0973_0179_0166_0034_0034.jpg 1 179 166 34 34
0974_0132_0081_0024_0024.jpg 1 132 81 24 24
0975_0097_0096_0043_0043.jpg 1 97 96 43 43
0976_0024_0089_0068_0068.jpg 1 24 89 68 68
0977_0062_0051_0079_0079.jpg 1 62 51 79 79
0978_0087_0019_0140_0140.jpg 1 87 19 140 140
0979_0050_0046_0170_0170.jpg 1 50 46 170 170
0980_0067_0043_0057_0057.jpg 1 67 43 57 57
0981_0024_0055_0122_0122.jpg 1 24 55 122 122
0982_0044_0049_0075_0075.jpg 1 44 49 75 75
0983_0063_0091_0091_0091.jpg 1 63 91 91 91
0984_0091_0086_0101_0101.jpg 1 91 86 101 101
0985_0030_0120_0055_0055.jpg 1 30 120 55 55
0986_0037_0011_0166_0166.jpg 1 37 11 166 166
0987_0081_0068_0095_0095.jpg 1 81 68 95 95
0988_0053_0043_0169_0169.jpg 1 53 43 169 169
0989_0041_0088_0121_0121.jpg 1 41 88 121 121
0990_0059_0087_0047_0047.jpg 1 59 87 47 47
0991_0065_0059_0147_0147.jpg 1 65 59 147 147
0992_0091_0017_0085_0085.jpg 1 91 17 85 85
0993_0108_0113_0048_0048.jpg 1 108 113 48 48
0994_0079_0029_0133_0133.jpg 1 79 29 133 133
0995_0075_0140_0053_0053.jpg 1 75 140 53 53
0996_0075_0059_0079_0079.jpg 1 75 59 79 79
0997_0038_0067_0085_0085.jpg 1 38 67 85 85
0998_0113_0104_0081_0081.jpg 1 113 104 81 81
0999_0031_0022_0146_0146.jpg 1 31 22 146 146
1000_0081_0040_0137_0137.jpg 1 81 40 137 137
1001_0037_0054_0124_0124.jpg 1 37 54 124 124
1002_0062_0068_0172_0172.jpg 1 62 68 172 172
1003_0052_0107_0098_0098.jpg 1 52 107 98 98
1004_0049_0077_0158_0158.jpg 1 49 77 158 158
1005_0083_0077_0086_0086.jpg 1 83 77 86 86
1006_0060_0087_0066_0066.jpg 1 60 87 66 66
1007_0062_0071_0148_0148.jpg 1 62 71 148 148
1008_0143_0122_0083_0083.jpg 1 143 122 83 83
1009_0102_0051_0075_0075.jpg 1 102 51 75 75
1010_0126_0083_0104_0104.jpg 1 126 83 104 104
1011_0033_0081_0081_0081.jpg 1 33 81 81 81
1012_0011_0019_0167_0167.jpg 1 11 19 167 167
1013_0066_0078_0031_0031.jpg 1 66 78 31 31
1014_0136_0113_0089_0089.jpg 1 136 113 89 89
1015_0128_0083_0039_0039.jpg 1 128 83 39 39
1016_0024_0046_0147_0147.jpg 1 24 46 147 147
1017_0172_0166_0037_0037.jpg 1 172 166 37 37
1018_0159_0152_0050_0050.jpg 1 159 152 50 50
1019_0055_0059_0092_0092.jpg 1 55 59 92 92
1020_0170_0043_0043_0043.jpg 1 170 43 43 43
1021_0060_0078_0143_0143.jpg 1 60 78 143 143
1022_0165_0111_0040_0040.jpg 1 165 111 40 40
1023_0070_0081_0030_0030.jpg 1 70 81 30 30
1024_0039_0140_0072_0072.jpg 1 39 140 72 72
1025_0189_0041_0036_0036.jpg 1 189 41 36 36
1026_0064_0033_0046_0046.jpg 1 64 33 46 46
1027_0080_0074_0153_0153.jpg 1 80 74 153 153
1028_0077_0064_0151_0151.jpg 1 77 64 151 151
1029_0019_0081_0157_0157.jpg 1 19 81 157 157
1030_0033_0022_0153_0153.jpg 1 33 22 153 153
1031_0020_0043_0073_0073.jpg 1 20 43 73 73
1032_0132_0122_0034_0034.jpg 1 132 122 34 34
1033_0044_0117_0048_0048.jpg 1 44 117 48 48
1034_0127_0086_0105_0105.jpg 1 127 86 105 105
1035_0068_0044_0164_0164.jpg 1 68 44 164 164
1036_0094_0131_0069_0069.jpg 1 94 131 69 69
1037_0049_0033_0148_0148.jpg 1 49 33 148 148
1038_0083_0020_0099_0099.jpg 1 83 20 99 99
1039_0023_0029_0173_0173.jpg 1 23 29 173 173
1040_0090_0083_0104_0104.jpg 1 90 83 104 104
1041_0072_0072_0051_0051.jpg 1 72 72 51 51
1042_0021_0026_0137_0137.jpg 1 21 26 137 137
1043_0104_0127_0027_0027.jpg 1 104 127 27 27
1044_0036_0052_0142_0142.jpg 1 36 52 142 142
1045_0063_0154_0062_0062.jpg 1 63 154 62 62
1046_0078_0113_0110_0110.jpg 1 78 113 110 110
1047_0113_0053_0085_0085.jpg 1 113 53 85 85
1048_0030_0089_0144_0144.jpg 1 30 89 144 144
1049_0077_0060_0081_0081.jpg 1 77 60 81 81
1050_0025_0042_0148_0148.jpg 1 25 42 148 148
